<?xml version="1.0" encoding="UTF-8"?>
<!-- Generated by org.testng.reporters.JUnitXMLReporter -->
<testsuite ignored="0" hostname="DESKTOP-0ERKDPK" failures="0" tests="4" name="Default test" time="19.968" errors="0" timestamp="2024-04-02T13:22:44 IST">
  <testcase classname="Selenium1.threadPoolSize" name="login" time="11.654"/>
  <testcase classname="Selenium1.threadPoolSize" name="login" time="11.719"/>
  <testcase classname="Selenium1.threadPoolSize" name="login" time="12.853"/>
  <testcase classname="Selenium1.threadPoolSize" name="register" time="7.03"/>
</testsuite> <!-- Default test -->
